 1.0000000000000000     0.0000000000000000 
 0.0000000000000000     0.0000000000000000 
 0.0000000000000000     0.0000000000000000 
 0.0000000000000000     0.0000000000000000 
 0.0000000000000000     0.0000000000000000 
 0.0000000000000000     0.0000000000000000 
 0.0000000000000000     0.0000000000000000 
 0.0000000000000000     0.0000000000000000 
 0.0000000000000000     0.0000000000000000 
 0.0000000000000000     0.0000000000000000 
 0.0000000000000000     0.0000000000000000 
 0.0000000000000000     0.0000000000000000 
 0.0000000000000000     0.0000000000000000 
 0.0000000000000000     0.0000000000000000 
 0.0000000000000000     0.0000000000000000 
 0.0000000000000000     0.0000000000000000 
 0.0000000000000000     0.0000000000000000 
 0.0000000000000000     0.0000000000000000 
 0.0000000000000000     0.0000000000000000 
 0.0000000000000000     0.0000000000000000 
 0.0000000000000000     0.0000000000000000 
 0.0000000000000000     0.0000000000000000 
 0.0000000000000000     0.0000000000000000 
 0.0000000000000000     0.0000000000000000 
 0.0000000000000000     0.0000000000000000 
 0.0000000000000000     0.0000000000000000 
 0.9998736315572302     0.0000344334248797 
-0.0000000573107507    -0.0000002734671191 
 0.0000000000000000    -0.0000000000000000 
 0.0000000573107506     0.0000002734671192 
-0.0000000000000360     0.0000000000000217 
-0.0000000000000000     0.0000000000000000 
-0.0000453905629650     0.0000357740441110 
 0.0000000000000000    -0.0000000000000001 
-0.0000000000000360     0.0000000000000216 
-0.0000000573107507    -0.0000002734671191 
-0.0000000000000718     0.0000000000000309 
 0.0000000000000000    -0.0000000000000000 
 0.0025274055094847     0.0059777877574210 
 0.0000000000000000    -0.0000000000000000 
 0.0000000000000000    -0.0000000000000000 
 0.0050543612237992     0.0119550421524994 
 0.0000000000000000    -0.0000000000000000 
 0.0000000573107504     0.0000002734671192 
 0.0025274055094847     0.0059777877574209 
 0.0000000000000001    -0.0000000000000001 
-0.0000000000000718     0.0000000000000309 
-0.0000000000000360     0.0000000000000217 
 0.0000000000000000    -0.0000000000000000 
-0.0000453905629650     0.0000357740441110 
-0.0000000000000000     0.0000000000000001 
-0.0000000000000360     0.0000000000000217 
 0.9995712106419097     0.0002501350328278 
-0.0000006981288250    -0.0000027361145284 
 0.0000000000000000    -0.0000000000000000 
 0.0000006981288248     0.0000027361145286 
-0.0000000000034433     0.0000000000025521 
 0.0000000000000000     0.0000000000000001 
-0.0000480911999369     0.0002046573868415 
-0.0000000000000001     0.0000000000000000 
-0.0000000000034433     0.0000000000025520 
-0.0000006981288250    -0.0000027361145284 
-0.0000000000070822     0.0000000000037724 
-0.0000000000000000     0.0000000000000000 
 0.0085759353347340     0.0083283770623738 
 0.0000000000000000    -0.0000000000000000 
 0.0000000000000000    -0.0000000000000000 
 0.0171466713979564     0.0166558836112500 
-0.0000000000000000     0.0000000000000000 
 0.0000006981288249     0.0000027361145284 
 0.0085759353347340     0.0083283770623737 
-0.0000000000000000    -0.0000000000000001 
-0.0000000000070822     0.0000000000037724 
-0.0000000000034433     0.0000000000025521 
-0.0000000000000000    -0.0000000000000001 
-0.0000480911999369     0.0002046573868415 
-0.0000000000000004     0.0000000000000006 
-0.0000000000034433     0.0000000000025520 
 0.9992761996128333     0.0007183028804233 
-0.0000052639559521    -0.0000187921450192 
 0.0000000000000000    -0.0000000000000000 
 0.0000052639559522     0.0000187921450193 
-0.0000000001577514     0.0000000001308505 
 0.0000000000000001     0.0000000000000000 
 0.0001761414910183     0.0003615117669522 
-0.0000000000000000     0.0000000000000001 
-0.0000000001577516     0.0000000001308504 
-0.0000052639559522    -0.0000187921450192 
-0.0000000003316373     0.0000000001973794 
-0.0000000000000000     0.0000000000000000 
 0.0144741495986121     0.0056249572247262 
 0.0000000000000000     0.0000000000000000 
-0.0000000000000000    -0.0000000000000000 
 0.0289344772677960     0.0112583167567044 
-0.0000000000000000     0.0000000000000001 
 0.0000052639559522     0.0000187921450191 
 0.0144741495986120     0.0056249572247261 
-0.0000000000000001     0.0000000000000000 
-0.0000000003316372     0.0000000001973794 
-0.0000000001577515     0.0000000001308505 
-0.0000000000000000    -0.0000000000000000 
 0.0001761414910184     0.0003615117669523 
 0.0000000000000004     0.0000000000000004 
-0.0000000001577515     0.0000000001308505 
 0.9991674009115331     0.0013569020918770 
-0.0000298831344417    -0.0000997800403824 
 0.0000000000000000    -0.0000000000000000 
 0.0000298831344419     0.0000997800403824 
-0.0000000042993559     0.0000000039347521 
 0.0000000000000000    -0.0000000000000001 
 0.0005175419214061     0.0002255794708780 
-0.0000000000000001     0.0000000000000004 
-0.0000000042993558     0.0000000039347520 
-0.0000298831344417    -0.0000997800403824 
-0.0000000092485438     0.0000000060355140 
-0.0000000000000000     0.0000000000000000 
 0.0166395958469600    -0.0004913778122982 
 0.0000000000000000     0.0000000000000000 
-0.0000000000000000    -0.0000000000000000 
 0.0332692636932189    -0.0009506807017290 
 0.0000000000000000     0.0000000000000000 
 0.0000298831344418     0.0000997800403823 
 0.0166395958469599    -0.0004913778122982 
-0.0000000000000001     0.0000000000000001 
-0.0000000092485437     0.0000000060355139 
-0.0000000042993559     0.0000000039347521 
-0.0000000000000001     0.0000000000000000 
 0.0005175419214061     0.0002255794708780 
 0.0000000000000006    -0.0000000000000004 
-0.0000000042993560     0.0000000039347522 
 0.9993101633748667     0.0019806364267680 
-0.0001346345613094    -0.0004175810292193 
 0.0000000000000000    -0.0000000000000000 
 0.0001346345613095     0.0004175810292193 
-0.0000000714050092     0.0000000734874989 
-0.0000000000000001    -0.0000000000000001 
 0.0006055671523755    -0.0002123005464504 
 0.0000000000000004     0.0000000000000001 
-0.0000000714050090     0.0000000734874990 
-0.0001346345613094    -0.0004175810292193 
-0.0000001585691725     0.0000001149334200 
 0.0000000000000000    -0.0000000000000000 
 0.0137545759554080    -0.0063050682043779 
 0.0000000000000000    -0.0000000000000000 
-0.0000000000000000     0.0000000000000000 
 0.0275325938061542    -0.0125599632147498 
 0.0000000000000001    -0.0000000000000000 
 0.0001346345613094     0.0004175810292192 
 0.0137545759554080    -0.0063050682043778 
 0.0000000000000000     0.0000000000000001 
-0.0000001585691724     0.0000001149334199 
-0.0000000714050091     0.0000000734874989 
 0.0000000000000000     0.0000000000000001 
 0.0006055671523755    -0.0002123005464505 
-0.0000000000000001    -0.0000000000000007 
-0.0000000714050090     0.0000000734874991 
 0.9996140126668077     0.0024143450022263 
-0.0004945340801124    -0.0013835865260242 
 0.0000000000000000    -0.0000000000000000 
 0.0004945340801124     0.0013835865260242 
-0.0000007187195138     0.0000008703944186 
-0.0000000000000001     0.0000000000000000 
 0.0002428231906957    -0.0005677926041399 
 0.0000000000000003    -0.0000000000000003 
-0.0000007187195134     0.0000008703944185 
-0.0004945340801123    -0.0013835865260242 
-0.0000016785621013     0.0000013983727458 
 0.0000000000000000    -0.0000000000000000 
 0.0075707357666834    -0.0082822932546185 
 0.0000000000000000    -0.0000000000000000 
-0.0000000000000000     0.0000000000000000 
 0.0152112226240070    -0.0165345777445003 
 0.0000000000000000    -0.0000000000000000 
 0.0004945340801121     0.0013835865260241 
 0.0075707357666834    -0.0082822932546184 
 0.0000000000000001     0.0000000000000001 
-0.0000016785621014     0.0000013983727456 
-0.0000007187195138     0.0000008703944185 
 0.0000000000000001     0.0000000000000000 
 0.0002428231906957    -0.0005677926041400 
-0.0000000000000006    -0.0000000000000004 
-0.0000007187195135     0.0000008703944185 
 0.9998727399489110     0.0026052280498412 
-0.0015014739944090    -0.0036315227278409 
 0.0000000000000000    -0.0000000000000000 
 0.0015014739944096     0.0036315227278411 
-0.0000042726736035     0.0000066070807277 
-0.0000000000000000     0.0000000000000001 
-0.0002894600681688    -0.0004513359618266 
-0.0000000000000002    -0.0000000000000003 
-0.0000042726736035     0.0000066070807274 
-0.0015014739944089    -0.0036315227278410 
-0.0000109056759112     0.0000110429707651 
-0.0000000000000000    -0.0000000000000000 
 0.0018525194185450    -0.0052256724666492 
 0.0000000000000000    -0.0000000000000000 
 0.0000000000000000    -0.0000000000000000 
 0.0037720376858935    -0.0104720688420320 
-0.0000000000000000    -0.0000000000000000 
 0.0015014739944085     0.0036315227278410 
 0.0018525194185451    -0.0052256724666492 
 0.0000000000000001    -0.0000000000000000 
-0.0000109056759115     0.0000110429707653 
-0.0000042726736036     0.0000066070807279 
 0.0000000000000001    -0.0000000000000000 
-0.0002894600681690    -0.0004513359618266 
-0.0000000000000006     0.0000000000000007 
-0.0000042726736035     0.0000066070807274 
 0.9998507098388063     0.0026770281203380 
-0.0037812560244926    -0.0075492061811063 
 0.0000000000000000    -0.0000000000000000 
 0.0037812560244934     0.0075492061811063 
-0.0000138893521706     0.0000322454572972 
 0.0000000000000002    -0.0000000000000000 
-0.0004770852882882     0.0000606211965808 
-0.0000000000000004     0.0000000000000001 
-0.0000138893521707     0.0000322454572971 
-0.0037812560244926    -0.0075492061811064 
-0.0000425774225555     0.0000572163129485 
-0.0000000000000001     0.0000000000000000 
 0.0000963874434492     0.0009756225417854 
-0.0000000000000000    -0.0000000000000000 
 0.0000000000000000    -0.0000000000000000 
 0.0001391204533674     0.0019541295322915 
-0.0000000000000000    -0.0000000000000000 
 0.0037812560244922     0.0075492061811065 
 0.0000963874434493     0.0009756225417854 
 0.0000000000000000    -0.0000000000000000 
-0.0000425774225557     0.0000572163129488 
-0.0000138893521703     0.0000322454572971 
 0.0000000000000001    -0.0000000000000001 
-0.0004770852882883     0.0000606211965809 
 0.0000000000000004     0.0000000000000009 
-0.0000138893521707     0.0000322454572971 
 0.9993993212130085     0.0028929308118381 
-0.0079097792180294    -0.0124296565193696 
-0.0000000000000000    -0.0000000000000000 
 0.0079097792180303     0.0124296565193691 
-0.0000170326174223     0.0001006179974808 
 0.0000000000000001    -0.0000000000000002 
-0.0001355698774235     0.0004552054195064 
-0.0000000000000000     0.0000000000000003 
-0.0000170326174227     0.0001006179974804 
-0.0079097792180295    -0.0124296565193696 
-0.0000929483522813     0.0001962436656692 
-0.0000000000000000     0.0000000000000001 
 0.0033850181855824     0.0064686971413548 
-0.0000000000000000    -0.0000000000000000 
 0.0000000000000000    -0.0000000000000000 
 0.0065090834667729     0.0132220931229632 
-0.0000000000000000     0.0000000000000000 
 0.0079097792180290     0.0124296565193699 
 0.0033850181855825     0.0064686971413547 
 0.0000000000000000    -0.0000000000000000 
-0.0000929483522814     0.0001962436656696 
-0.0000170326174223     0.0001006179974802 
-0.0000000000000001    -0.0000000000000004 
-0.0001355698774233     0.0004552054195066 
 0.0000000000000010     0.0000000000000000 
-0.0000170326174225     0.0001006179974809 
