 0.0040183504876971 
 0.0040183504876985 
 0.0040183504876962 
 0.0040183504876926 
 0.0040183504876855 
 0.0040183504876901 
 0.0040183504876984 
 0.0040183504877002 
 0.0040183504877053 
 0.0040183504877062 
 0.0040183504877148 
 0.0040183504877202 
 0.0040183504877175 
 0.0040183504877311 
 0.0040183504877279 
 0.0040183504877296 
 0.0040183504877165 
 0.0040183504877074 
 0.0040183504876924 
 0.0040183504876444 
 0.0040183504875756 
 0.0040183504874150 
 0.0040183504870789 
 0.0040183504864241 
 0.0040183504850874 
 0.0040183504824337 
 0.0040183504773251 
 0.0040183504676314 
 0.0040183504495781 
 0.0040183504165149 
 0.0040183503570026 
 0.0040183502516944 
 0.0040183500684641 
 0.0040183497549878 
 0.0040183492275203 
 0.0040183483544563 
 0.0040183469328740 
 0.0040183446554908 
 0.0040183410655596 
 0.0040183354966216 
 0.0040183269942140 
 0.0040183142167202 
 0.0040182953136714 
 0.0040182677808772 
 0.0040182282942908 
 0.0040181725272114 
 0.0040180949592385 
 0.0040179886896117 
 0.0040178452721860 
 0.0040176545934349 
 0.0040174048187884 
 0.0040170824343803 
 0.0040166724118968 
 0.0040161585211197 
 0.0040155238096819 
 0.0040147512604730 
 0.0040138246256833 
 0.0040127294220543 
 0.0040114540567117 
 0.0040099910370467 
 0.0040083382036237 
 0.0040064999131959 
 0.0040044880912727 
 0.0040023230707967 
 0.0040000341367039 
 0.0039976597054298 
 0.0039952470832503 
 0.0039928517675934 
 0.0039905362789963 
 0.0039883685379076 
 0.0039864198270694 
 0.0039847624058022 
 0.0039834668654194 
 0.0039825993328993 
 0.0039822186432607 
 0.0039823736070557 
 0.0039831004993180 
 0.0039844208895753 
 0.0039863399193277 
 0.0039888451154786 
 0.0039919058056626 
 0.0039954731763031 
 0.0039994809874445 
 0.0040038469309672 
 0.0040084745928899 
 0.0040132559556448 
 0.0040180743548482 
 0.0040228077873432 
 0.0040273324531308 
 0.0040315264059425 
 0.0040352731828703 
 0.0040384652862863 
 0.0040410073984236 
 0.0040428192219793 
 0.0040438378572773 
 0.0040440196479466 
 0.0040433414504004 
 0.0040418013076809 
 0.0040394185323380 
 0.0040362332258802 
 0.0040323052817432 
 0.0040277129332516 
 0.0040225509178729 
 0.0040169283325330 
 0.0040109662530875 
 0.0040047951842762 
 0.0039985523960429 
 0.0039923791896037 
 0.0039864181238514 
 0.0039808102217204 
 0.0039756921686041 
 0.0039711935123842 
 0.0039674338777565 
 0.0039645202162602 
 0.0039625441269131 
 0.0039615792985076 
 0.0039616791411977 
 0.0039628746889098 
 0.0039651728627553 
 0.0039685551869901 
 0.0039729770423118 
 0.0039783675268207 
 0.0039846299745903 
 0.0039916431579514 
 0.0039992631750978 
 0.0040073260017034 
 0.0040156506655621 
 0.0040240429870463 
 0.0040322998152609 
 0.0040402136788942 
 0.0040475777609883 
 0.0040541910970980 
 0.0040598638861405 
 0.0040644227927430 
 0.0040677161096948 
 0.0040696186401266 
 0.0040700361526272 
 0.0040689092597845 
 0.0040662165728328 
 0.0040619769929262 
 0.0040562510136728 
 0.0040491409299009 
 0.0040407898740056 
 0.0040313796329478 
 0.0040211272350912 
 0.0040102803354886 
 0.0039991114696105 
 0.0039879112875910 
 0.0039769809224749 
 0.0039666236854883 
 0.0039571363176200 
 0.0039488000585723 
 0.0039418718197526 
 0.0039365757656284 
 0.0039330956151795 
 0.0039315679699339 
 0.0039320769546451 
 0.0039346504195105 
 0.0039392578983924 
 0.0039458104476779 
 0.0039541624089973 
 0.0039641150521423 
 0.0039754219692297 
 0.0039877960147042 
 0.0040009175236450 
 0.0040144434970526 
 0.0040280174180742 
 0.0040412793569920 
 0.0040538760324246 
 0.0040654705187600 
 0.0040757513219624 
 0.0040844405847018 
 0.0040913012247935 
 0.0040961428561219 
 0.0040988263868267 
 0.0040992672340521 
 0.0040974371365126 
 0.0040933645842396 
 0.0040871339178531 
 0.0040788831765207 
 0.0040688007936269 
 0.0040571212517495 
 0.0040441198138854 
 0.0040301064468209 
 0.0040154190465047 
 0.0040004160663844 
 0.0039854686408500 
 0.0039709522904895 
 0.0039572382976901 
 0.0039446848536008 
 0.0039336281034995 
 0.0039243732575533 
 0.0039171859854599 
 0.0039122843694111 
 0.0039098317390235 
 0.0039099307399047 
 0.0039126189803294 
 0.0039178665494705 
 0.0039255756062219 
 0.0039355821120539 
 0.0039476596450986 
 0.0039615251093973 
 0.0039768460615338 
 0.0039932493262957 
 0.0040103305617276 
 0.0040276644527950 
 0.0040448152486705 
 0.0040613473992946 
 0.0040768360833661 
 0.0040908774474539 
 0.0041030983933218 
 0.0041131657589940 
 0.0041207947411494 
 0.0041257564053845 
 0.0041278841294639 
 0.0041270788257579 
 0.0041233127943001 
 0.0041166320688943 
 0.0041071571359864 
 0.0040950819296219 
 0.0040806710356473 
 0.0040642550730510 
 0.0040462242595711 
 0.0040270202107683 
 0.0040071260662505 
 0.0039870550829287 
 0.0039673378834405 
 0.0039485085993257 
 0.0039310902046173 
 0.0039155793981335 
 0.0039024314618778 
 0.0038920455958248 
 0.0038847512974981 
 0.0038807964035159 
 0.0038803374201133 
 0.0038834327210067 
 0.0038900390722303 
 0.0039000117583912 
 0.0039131083553625 
 0.0039289959564027 
 0.0039472614505682 
 0.0039674243026014 
 0.0039889512038128 
 0.0040112719480548 
 0.0040337959190603 
 0.0040559286354821 
 0.0040770878712413 
 0.0040967189405097 
 0.0041143088037510 
 0.0041293987125045 
 0.0041415951670918 
 0.0041505790145860 
 0.0041561125654324 
 0.0041580446564229 
 0.0041563136350255 
 0.0041509482845378 
 0.0041420667496218 
 0.0041298735564030 
 0.0041146548486729 
 0.0040967719810837 
 0.0040766536206480 
 0.0040547865093616 
 0.0040317050342493 
 0.0040079797383538 
 0.0039842048906104 
 0.0039609852192414 
 0.0039389219097942 
 0.0039185979849236 
 0.0039005632294135 
 0.0038853189107632 
 0.0038733026762085 
 0.0038648741711930 
 0.0038603020920231 
 0.0038597535057586 
 0.0038632862837326 
 0.0038708453568477 
 0.0038822632094354 
 0.0038972646377996 
 0.0039154754036535 
 0.0039364341066608 
 0.0039596064417005 
 0.0039844009977224 
 0.0040101858559328 
 0.0040363053980739 
 0.0040620968913718 
 0.0040869065448708 
 0.0041101048212967 
 0.0041311008413791 
 0.0041493557421506 
 0.0041643948568680 
 0.0041758185805596 
 0.0041833117782834 
 0.0041866515878027 
 0.0041857134672865 
 0.0041804753439497 
 0.0041710197317732 
 0.0041575337060508 
 0.0041403066486422 
 0.0041197257097467 
 0.0040962689679903 
 0.0040704963090174 
 0.0040430380818556 
 0.0040145816305889 
 0.0039858558362165 
 0.0039576138416995 
 0.0039306141768709 
 0.0039056005579296 
 0.0038832807210628 
 0.0038643047747145 
 0.0038492437276809 
 0.0038385690611664 
 0.0038326344242867 
 0.0038316606742141 
 0.0038357254682641 
 0.0038447583818717 
 0.0038585420763913 
 0.0038767194627446 
 0.0038988062462011 
 0.0039242078300936 
 0.0039522393699580 
 0.0039821477880434 
 0.0040131347095306 
 0.0040443794834625 
 0.0040750616426206 
 0.0041043823081091 
 0.0041315841525293 
 0.0041559696095151 
 0.0041769170705296 
 0.0041938948533682 
 0.0042064727683306 
 0.0042143311516511 
 0.0042172672823742 
 0.0042151991478743 
 0.0042081665727774 
 0.0041963297737222 
 0.0041799654458463 
 0.0041594605235364 
 0.0041353037856634 
 0.0041080754924160 
 0.0040784352455442 
 0.0040471082555495 
 0.0040148701784837 
 0.0039825306535498 
 0.0039509156356501 
 0.0039208485844989 
 0.0038931305612335 
 0.0038685193213787 
 0.0038477076137354 
 0.0038313011302385 
 0.0038197969099101 
 0.0038135634322648 
 0.0038128240144636 
 0.0038176452638175 
 0.0038279320673406 
 0.0038434298971938 
 0.0038637342533925 
 0.0038883061660291 
 0.0039164921178987 
 0.0039475466279719 
 0.0039806559690584 
 0.0040149618964910 
 0.0040495846709717 
 0.0040836449728710 
 0.0041162845030400 
 0.0041466851646761 
 0.0041740867539668 
 0.0041978030835762 
 0.0042172364436079 
 0.0042318902824269 
 0.0042413799715908 
 0.0042454415085016 
 0.0042439380084514 
 0.0042368638449396 
 0.0042243463129009 
 0.0042066447132851 
 0.0041841467878198 
 0.0041573624681381 
 0.0041269149414672 
 0.0040935290728357 
 0.0040580172580979 
 0.0040212628097839 
 0.0039842009967964 
 0.0039477978697969 
 0.0039130270135232 
 0.0038808443912825 
 0.0038521615161283 
 0.0038278173417605 
 0.0038085495613947 
 0.0037949664544640 
 0.0037875209733254 
 0.0037864892433619 
 0.0037919557956577 
 0.0038038074300153 
 0.0038217366006485 
 0.0038452539111840 
 0.0038737081565423 
 0.0039063117183502 
 0.0039421690853515 
 0.0039803066507729 
 0.0040197024665532 
 0.0040593151054141 
 0.0040981111084226 
 0.0041350906794303 
 0.0041693113711264 
 0.0041999095366036 
 0.0042261193300945 
 0.0042472890512948 
 0.0042628946487039 
 0.0042725502310956 
 0.0042760154810965 
 0.0042731999177416 
 0.0042641640120647 
 0.0042491172174175 
 0.0042284130306565 
 0.0042025412482938 
 0.0041721176198642 
 0.0041378711263765 
 0.0041006291217410 
 0.0040613005669107 
 0.0040208575575693 
 0.0039803152951056 
 0.0039407105787407 
 0.0039030788119153 
 0.0038684294399659 
 0.0038377197126857 
 0.0038118267687930 
 0.0037915183671226 
 0.0037774232204950 
 0.0037700027922218 
 0.0037695273444348 
 0.0037760595061874 
 0.0037894481685403 
 0.0038093340039684 
 0.0038351658500007 
 0.0038662254566687 
 0.0039016573203773 
 0.0039405005663983 
 0.0039817206793891 
 0.0040242398132740 
 0.0040669651272783 
 0.0041088150136265 
 0.0041487432605136 
 0.0041857612252258 
 0.0042189580543618 
 0.0042475189297088 
 0.0042707412639164 
 0.0042880487290279 
 0.0042990029755496 
 0.0043033128886620 
 0.0043008412299464 
 0.0042916085255737 
 0.0042757940839353 
 0.0042537340555888 
 0.0042259164845791 
 0.0041929733404461 
 0.0041556695617270 
 0.0041148891805487 
 0.0040716186290105 
 0.0040269273453632 
 0.0039819457953897 
 0.0039378409973639 
 0.0038957895901352 
 0.0038569484315288 
 0.0038224227063392 
 0.0037932316507171 
 0.0037702723935307 
 0.0037542831935729 
 0.0037458084917125 
 0.0037451693735645 
 0.0037524435963411 
 0.0037674586121641 
 0.0037897989315336 
 0.0038188264983269 
 0.0038537106909991 
 0.0038934638764724 
 0.0039369790068068 
 0.0039830668983029 
 0.0040304919295393 
 0.0040780056303959 
 0.0041243779947689 
 0.0041684264549311 
 0.0042090424337353 
 0.0042452153308219 
 0.0042760537475896 
 0.0043008037306159 
 0.0043188638175940 
 0.0043297966991840 
 0.0043333373584976 
 0.0043293976107549 
 0.0043180670333508 
 0.0042996103460142 
 0.0042744613676615 
 0.0042432137369217 
 0.0042066086334376 
 0.0041655197731398 
 0.0041209359687194 
 0.0040739415416491 
 0.0040256948385209 
 0.0039774050355208 
 0.0039303073044523 
 0.0038856362613152 
 0.0038445974400961 
 0.0038083363841152 
 0.0037779049458089 
 0.0037542247383798 
 0.0037380486305015 
 0.0037299228059217 
 0.0037301538386971 
 0.0037387864345567 
 0.0037555967441742 
 0.0037801031494736 
 0.0038115924283209 
 0.0038491562744087 
 0.0038917324872111 
 0.0039381463759005 
 0.0039871498260644 
 0.0040374570707364 
 0.0040877771362289 
 0.0041368432947908 
 0.0041834398845259 
 0.0042264267461978 
 0.0042647613886039 
 0.0042975188775031 
 0.0043239093608294 
 0.0043432930929981 
 0.0043551927970009 
 0.0043593031982924 
 0.0043554975743446 
 0.0043438311846591 
 0.0043245414760333 
 0.0042980449948850 
 0.0042649309811714 
 0.0042259516643351 
 0.0041820093279121 
 0.0041341402511166 
 0.0040834956663045 
 0.0040313198813899 
 0.0039789256941899 
 0.0039276671582695 
 0.0038789096383263 
 0.0038339969266580 
 0.0037942150354043 
 0.0037607522738627 
 0.0037346556274214 
 0.0037167846019692 
 0.0037077657256716 
 0.0037079533074397 
 0.0037174034488096 
 0.0037358670942713 
 0.0037628038420943 
 0.0037974132542298 
 0.0038386772125329 
 0.0038854066761034 
 0.0039362881063377 
 0.0039899271730550 
 0.0040448890507349 
 0.0040997354387962 
 0.0041530586437007 
 0.0042035129618147 
 0.0042498434176475 
 0.0042909117489054 
 0.0043257194227917 
 0.0043534274191882 
 0.0043733725147350 
 0.0043850798353356 
 0.0043882715016336 
 0.0043828712640724 
 0.0043690051038939 
 0.0043469978585240 
 0.0043173660094120 
 0.0042808068434461 
 0.0042381842616189 
 0.0041905115563609 
 0.0041389315070877 
 0.0040846941452934 
 0.0040291325070358 
 0.0039736366091899 
 0.0039196257401868 
 0.0038685189304228 
 0.0038217031604367 
 0.0037804985231985 
 0.0037461193392412 
 0.0037196304765745 
 0.0037018993759298 
 0.0036935469187090 
 0.0036949038259841 
 0.0037059817704239 
 0.0037264671717499 
 0.0037557400354314 
 0.0037929131128946 
 0.0038368824043821 
 0.0038863803028133 
 0.0039400257996322 
 0.0039963695202735 
 0.0040539335034168 
 0.0041112465104351 
 0.0041668757390588 
 0.0042194555831638 
 0.0042677137950121 
 0.0043104951737938 
 0.0043467827469320 
 0.0043757163177168 
 0.0043966082071199 
 0.0044089560036139 
 0.0044124521417806 
 0.0044069901514456 
 0.0043926674499882 
 0.0043697845888375 
 0.0043388409096925 
 0.0043005266149849 
 0.0042557113088915 
 0.0042054291166057 
 0.0041508605355635 
 0.0040933112051166 
 0.0040341877883824 
 0.0039749711238863 
 0.0039171867008130 
 0.0038623723137452 
 0.0038120424466921 
 0.0037676485631199 
 0.0037305342175913 
 0.0037018841812871 
 0.0036826682672328 
 0.0036735837831791 
 0.0036750049058265 
 0.0036869501231591 
 0.0037090768394631 
 0.0037407048171596 
 0.0037808616535714 
 0.0038283393081736 
 0.0038817520994586 
 0.0039395907741272 
 0.0040002710153194 
 0.0040621768050346 
 0.0041236996506847 
 0.0041832745282585 
 0.0042394130107486 
 0.0042907336948907 
 0.0043359897912473 
 0.0043740936027893 
 0.0044041375619401 
 0.0044254115004798 
 0.0044374158708816 
 0.0044398707070756 
 0.0044327201971440 
 0.0044161328326659 
 0.0043904971936314 
 0.0043564135196980 
 0.0043146813036838 
 0.0042662832179851 
 0.0042123657443890 
 0.0041542169171822 
 0.0040932416007676 
 0.0040309346941950 
 0.0039688525677122 
 0.0039085828630999 
 0.0038517124942472 
 0.0037997932356195 
 0.0037543037008457 
 0.0037166059638278 
 0.0036878950631449 
 0.0036691410992151 
 0.0036610275584314 
 0.0036638954568774 
 0.0036777074287304 
 0.0037020438246339 
 0.0037361330298277 
 0.0037789067504896 
 0.0038290658336880 
 0.0038851448076094 
 0.0039455692832429 
 0.0040087051800061 
 0.0040729010355567 
 0.0041365251113249 
 0.0041979986390810 
 0.0042558260186976 
 0.0043086223355586 
 0.0043551382714665 
 0.0043942823120394 
 0.0044251400686312 
 0.0044469905021984 
 0.0044593188386274 
 0.0044618259865616 
 0.0044544343021091 
 0.0044372895858616 
 0.0044107592443586 
 0.0043754265994801 
 0.0043320813841473 
 0.0042817065198072 
 0.0042254613277973 
 0.0041646613776093 
 0.0041007552120104 
 0.0040352981971741 
 0.0039699237018915 
 0.0039063116776174 
 0.0038461544412557 
 0.0037911190059920 
 0.0037428046643797 
 0.0037026938882090 
 0.0036720945742451 
 0.0036520734166152 
 0.0036433849734021 
 0.0036464082134278 
 0.0036611073904565 
 0.0036870305523300 
 0.0037233462890233 
 0.0037689062127226 
 0.0038223163468828 
 0.0038820052081221 
 0.0039462835858278 
 0.0040133959982261 
 0.0040815657014144 
 0.0041490351452649 
 0.0042141031219470 
 0.0042751591795790 
 0.0043307153834166 
 0.0043794352119233 
 0.0044201592288902 
 0.0044519271272208 
 0.0044739957586435 
 0.0044858528221918 
 0.0044872259671833 
 0.0044780871631485 
 0.0044586522929382 
 0.0044293760305173 
 0.0043909421678077 
 0.0043442496512232 
 0.0042903946747674 
 0.0042306492480844 
 0.0041664367091734 
 0.0040993046738836 
 0.0040308958938327 
 0.0039629174073898 
 0.0038971081760853 
 0.0038352050425468 
 0.0037789062543476 
 0.0037298309349815 
 0.0036894718988287 
 0.0036591387522500 
 0.0036398897872070 
 0.0036324566618600 
 0.0036371751301995 
 0.0036539424596020 
 0.0036822185182764 
 0.0037210712789177 
 0.0037692506064912 
 0.0038252693594976 
 0.0038874775848090 
 0.0039541249347044 
 0.0040234122681686 
 0.0040935352520834 
 0.0041627224936803 
 0.0042292698450406 
 0.0042915717181101 
 0.0043481497051856 
 0.0043976784851166 
 0.0044390088368484 
 0.0044711875186632 
 0.0044934737624438 
 0.0045053521532459 
 0.0045065417012202 
 0.0044970009586190 
 0.0044769290852199 
 0.0044467628199191 
 0.0044071693735941 
 0.0043590353184010 
 0.0043034516103406 
 0.0042416949431408 
 0.0041752056874112 
 0.0041055627109041 
 0.0040344553874228 
 0.0039636530551417 
 0.0038949720322311 
 0.0038302399651232 
 0.0037712566782267 
 0.0037197497527311 
 0.0036773219410560 
 0.0036453869910527 
 0.0036250923413588 
 0.0036172338086383 
 0.0036221784471764 
 0.0036398197547514 
 0.0036695832575534 
 0.0037104802088844 
 0.0037611887967745 
 0.0038201395899994 
 0.0038855914991915 
 0.0039556949841729 
 0.0040285447422349 
 0.0041022252662524 
 0.0041748518667501 
 0.0042446086047124 
 0.0043097836821889 
 0.0043688022738373 
 0.0044202564799985 
 0.0044629319510857 
 0.0044958307071579 
 0.0045181897132296 
 0.0045294948445249 
 0.0045294899713316 
 0.0045181810008419 
 0.0044958348270644 
 0.0044629732548234 
 0.0044203620762317 
 0.0043689955842898 
 0.0043100769047283 
 0.0042449946098301 
 0.0041752961408504 
 0.0041026585997333 
 0.0040288574607775 
 0.0039557336705416 
 0.0038851594006130 
 0.0038190023105696 
 0.0037590874502234 
 0.0037071547730130 
 0.0036648087386617 
 0.0036334554309320 
 0.0036142241556647 
 0.0036078778183535 
 0.0036147298802407 
 0.0036345965414819 
 0.0036668062570737 
 0.0037102637453940 
 0.0037635431786905 
 0.0038249829474109 
 0.0038927668878442 
 0.0039649894179213 
 0.0040397079943157 
 0.0041149871457123 
 0.0041889371715861 
 0.0042597492345275 
 0.0043257275922187 
 0.0043853191346347 
 0.0044371400935467 
 0.0044799996626363 
 0.0045129202319806 
 0.0045351539554253 
 0.0045461954090874 
 0.0045457901506187 
 0.0045339390458031 
 0.0045108982884493 
 0.0044771751006705 
 0.0044335191632467 
 0.0043809098900470 
 0.0043205397258981 
 0.0042537937122305 
 0.0041822256249845 
 0.0041075310359880 
 0.0040315176652131 
 0.0039560733448033 
 0.0038831317486482 
 0.0038146356550734 
 0.0037524967607073 
 0.0036985498090050 
 0.0036544971245132 
 0.0036218384680009 
 0.0036017830519683 
 0.0035951494263430 
 0.0036022747909171 
 0.0036229666156224 
 0.0036565190137486 
 0.0037017862138819 
 0.0037572824698910 
 0.0038212792539906 
 0.0038918862782363 
 0.0039671159610482 
 0.0040449360372004 
 0.0041233149651126 
 0.0042002631356530 
 0.0042738713382220 
 0.0043423469099850 
 0.0044040474160394 
 0.0044575114284056 
 0.0045014858686988 
 0.0045349493770094 
 0.0045571312240694 
 0.0045675253711197 
 0.0045658993879565 
 0.0045522980564344 
 0.0045270416085023 
 0.0044907186707468 
 0.0044441741078687 
 0.0043884920721943 
 0.0043249746719821 
 0.0042551167637382 
 0.0041805774473240 
 0.0041031488881169 
 0.0040247230911296 
 0.0039472571764338 
 0.0038727374946254 
 0.0038031424705381 
 0.0037404032070658 
 0.0036863594271611 
 0.0036427062896471 
 0.0036109258710253 
 0.0035921985716688 
 0.0035872992025696 
 0.0035965010224500 
 0.0036195254160186 
 0.0036555635928048 
 0.0037033611696048 
 0.0037613296868955 
 0.0038276520349126 
 0.0039003677502555 
 0.0039774388895779 
 0.0040568023028378 
 0.0041364136281969 
 0.0042142863406712 
 0.0042885274923556 
 0.0043573707218085 
 0.0044192065465881 
 0.0044726096940476 
 0.0045163631345725 
 0.0045494784768130 
 0.0045712124220435 
 0.0045810790315589 
 0.0045788576254595 
 0.0045645961981106 
 0.0045386103026649 
 0.0045014774239957 
 0.0044540269264384 
 0.0043973257304023 
 0.0043326599400875 
 0.0042615127122162 
 0.0041855387189310 
 0.0041065356085417 
 0.0040264128878280 
 0.0039471586039436 
 0.0038708040252423 
 0.0037993860864394 
 0.0037349064787639 
 0.0036792846981262 
 0.0036343001121213 
 0.0036015162195886 
 0.0035821822389519 
 0.0035771186096768 
 0.0035866143091189 
 0.0036103782323618 
 0.0036475699814484 
 0.0036968942399210 
 0.0037567173180371 
 0.0038251726766462 
 0.0039002441525242 
 0.0039798299895417 
 0.0040617945678472 
 0.0041440133177942 
 0.0042244139378766 
 0.0043010152391680 
 0.0043719638721960 
 0.0044355686437083 
 0.0044903318899305 
 0.0045349773015179 
 0.0045684736155570 
 0.0045900536600819 
 0.0045992283348149 
 0.0045957952261753 
 0.0045798416782214 
 0.0045517422693234 
 0.0045121507734761 
 0.0044619868121002 
 0.0044024175239369 
 0.0043348346939985 
 0.0042608278834656 
 0.0041821541854117 
 0.0041007052867296 
 0.0040184725269467 
 0.0039375105752834 
 0.0038599001306090 
 0.0037877095583076 
 0.0037229543997240 
 0.0036675519463213 
 0.0036232654802271 
 0.0035916303507221 
 0.0035738555440079 
 0.0035707064318596 
 0.0035823983097553 
 0.0036085475163138 
 0.0036482086167070 
 0.0036999795752800 
 0.0037621284905762 
 0.0038327058629843 
 0.0039096312219548 
 0.0039907583389540 
 0.0040739267775464 
 0.0041570056861675 
 0.0042379331315574 
 0.0043147524069654 
 0.0043856456956540 
 0.0044489649572505 
 0.0045032596950999 
 0.0045473012097146 
 0.0045801029662570 
 0.0046009367613591 
 0.0046093444459480 
 0.0046051450364467 
 0.0045884371221674 
 0.0045595965505322 
 0.0045192694437461 
 0.0044683606712404 
 0.0044080179724971 
