 0.0040183504600937 
 0.0040183504600965 
 0.0040183504600991 
 0.0040183504601124 
 0.0040183504601172 
 0.0040183504601145 
 0.0040183504601180 
 0.0040183504601220 
 0.0040183504601212 
 0.0040183504601168 
 0.0040183504601172 
 0.0040183504601172 
 0.0040183504601184 
 0.0040183504601188 
 0.0040183504601182 
 0.0040183504601197 
 0.0040183504601230 
 0.0040183504601131 
 0.0040183504600942 
 0.0040183504600515 
 0.0040183504599746 
 0.0040183504598110 
 0.0040183504594864 
 0.0040183504588033 
 0.0040183504574538 
 0.0040183504547920 
 0.0040183504496656 
 0.0040183504399476 
 0.0040183504218492 
 0.0040183503887193 
 0.0040183503291102 
 0.0040183502236542 
 0.0040183500402082 
 0.0040183497263996 
 0.0040183491983995 
 0.0040183483245636 
 0.0040183469018698 
 0.0040183446228922 
 0.0040183410307355 
 0.0040183354587387 
 0.0040183269522073 
 0.0040183141692459 
 0.0040182952590677 
 0.0040182677171252 
 0.0040182282190077 
 0.0040181724376345 
 0.0040180948522279 
 0.0040179885617036 
 0.0040178451196024 
 0.0040176544122026 
 0.0040174046047982 
 0.0040170821835673 
 0.0040166721203048 
 0.0040161581850909 
 0.0040155234259955 
 0.0040147508265195 
 0.0040138241395714 
 0.0040127288827446 
 0.0040114534641065 
 0.0040099903920746 
 0.0040083375082366 
 0.0040064991704264 
 0.0040044873051987 
 0.0040023222464757 
 0.0040000332800872 
 0.0039976588232790 
 0.0039952461830133 
 0.0039928508572195 
 0.0039905353667505 
 0.0039883676321993 
 0.0039864189362498 
 0.0039847615379783 
 0.0039834660282173 
 0.0039825985333449 
 0.0039822178876244 
 0.0039823729007503 
 0.0039830998468313 
 0.0039844202944066 
 0.0039863393839724 
 0.0039888446414032 
 0.0039919053932719 
 0.0039954728249616 
 0.0039994806953954 
 0.0040038466953038 
 0.0040084744095076 
 0.0040132558191789 
 0.0040180742587011 
 0.0040228077236328 
 0.0040273324128196 
 0.0040315263789001 
 0.0040352731580596 
 0.0040384652520204 
 0.0040410073426473 
 0.0040428191325781 
 0.0040438377224516 
 0.0040440194566002 
 0.0040433411925185 
 0.0040418009746955 
 0.0040394181174176 
 0.0040362327243307 
 0.0040323046912207 
 0.0040277122540230 
 0.0040225501529527 
 0.0040169274877534 
 0.0040109653370766 
 0.0040047942083253 
 0.0039985513738623 
 0.0039923781369524 
 0.0039864170580614 
 0.0039808091611146 
 0.0039756911318410 
 0.0039711925177558 
 0.0039674329424652 
 0.0039645193557296 
 0.0039625433541484 
 0.0039615786235470 
 0.0039616785706852 
 0.0039628742257990 
 0.0039651725061717 
 0.0039685549322441 
 0.0039729768810751 
 0.0039783674474500 
 0.0039846299625834 
 0.0039916431965343 
 0.0039992632459017 
 0.0040073260855033 
 0.0040156507430677 
 0.0040240430396814 
 0.0040322998259208 
 0.0040402136326159 
 0.0040475776455280 
 0.0040541909033537 
 0.0040598636084205 
 0.0040644224288555 
 0.0040677156608551 
 0.0040696181106989 
 0.0040700355497085 
 0.0040689085926837 
 0.0040662158524572 
 0.0040619762311449 
 0.0040562502226680 
 0.0040491401215697 
 0.0040407890594232 
 0.0040313788219247 
 0.0040211264358358 
 0.0040102795543883 
 0.0039991107111283 
 0.0039879105542807 
 0.0039769802151116 
 0.0039666230033029 
 0.0039571356586342 
 0.0039487994200067 
 0.0039418711984888 
 0.0039365751586923 
 0.0039330950202220 
 0.0039315673856508 
 0.0039320763811204 
 0.0039346498584216 
 0.0039392573530779 
 0.0039458099230317 
 0.0039541619112015 
 0.0039641145882368 
 0.0039754215465673 
 0.0039877956402990 
 0.0040009172035017 
 0.0040144432354803 
 0.0040280172170765 
 0.0040412792157660 
 0.0040538759470050 
 0.0040654704818504 
 0.0040757513229575 
 0.0040844406099183 
 0.0040913012578865 
 0.0040961428786856 
 0.0040988263791307 
 0.0040992671759015 
 0.0040974370081710 
 0.0040933643673934 
 0.0040871335965593 
 0.0040788827381048 
 0.0040688002294761 
 0.0040571205579612 
 0.0040441189917382 
 0.0040301055030195 
 0.0040154179931729 
 0.0040004149208073 
 0.0039854674249359 
 0.0039709510299887 
 0.0039572370211741 
 0.0039446835912736 
 0.0039336268858676 
 0.0039243721140463 
 0.0039171849430529 
 0.0039122834513323 
 0.0039098309636211 
 0.0039099301197231 
 0.0039126185214633 
 0.0039178662512281 
 0.0039255754611179 
 0.0039355821061271 
 0.0039476597585592 
 0.0039615253175455 
 0.0039768463359353 
 0.0039932496361150 
 0.0040103308751911 
 0.0040276647386768 
 0.0040448154777444 
 0.0040613475456657 
 0.0040768361256073 
 0.0040908773694969 
 0.0041030981850583 
 0.0041131654165377 
 0.0041207942667790 
 0.0041257558071609 
 0.0041278834205560 
 0.0041270780235243 
 0.0041233119191933 
 0.0041166311432521 
 0.0041071561827726 
 0.0040950809712113 
 0.0040806700926897 
 0.0040642541634858 
 0.0040462233978219 
 0.0040270194071748 
 0.0040071253267283 
 0.0039870544088904 
 0.0039673372719748 
 0.0039485080436252 
 0.0039310896946478 
 0.0039155789215026 
 0.0039024310048556 
 0.0038920451444737 
 0.0038847508388221 
 0.0038807959265581 
 0.0038803369169064 
 0.0038834321873226 
 0.0038900385080340 
 0.0039000111679936 
 0.0039131077472261 
 0.0039289953426274 
 0.0039472608460766 
 0.0039674237240956 
 0.0039889506685550 
 0.0040112714725704 
 0.0040337955178321 
 0.0040559283197473 
 0.0040770876479430 
 0.0040967188115045 
 0.0041143087652997 
 0.0041293987550870 
 0.0041415952755689 
 0.0041505791686899 
 0.0041561127405687 
 0.0041580448247392 
 0.0041563137667069 
 0.0041509483492424 
 0.0041420667180306 
 0.0041298734017636 
 0.0041146545482959 
 0.0040967715177072 
 0.0040766529835889 
 0.0040547856953989 
 0.0040317040481654 
 0.0040079785931117 
 0.0039842036071077 
 0.0039609838256560 
 0.0039389204405262 
 0.0039185964791671 
 0.0039005617294162 
 0.0038853174598620 
 0.0038733013167239 
 0.0038648729423143 
 0.0038603010277866 
 0.0038597526332582 
 0.0038632856216635 
 0.0038708449144836 
 0.0038822629860899 
 0.0038972646228216 
 0.0039154755769331 
 0.0039364344396341 
 0.0039596068987807 
 0.0039844015380877 
 0.0040101864355617 
 0.0040363059719265 
 0.0040620974155924 
 0.0040869069789011 
 0.0041101051297783 
 0.0041311009957563 
 0.0041493557218819 
 0.0041643946502009 
 0.0041758181848255 
 0.0041833111997211 
 0.0041866508409213 
 0.0041857125738207 
 0.0041804743314756 
 0.0041710186320761 
 0.0041575325533258 
 0.0041403054776493 
 0.0041197245539801 
 0.0040962678579905 
 0.0040704952708751 
 0.0040430371360028 
 0.0040145807908899 
 0.0039858551094566 
 0.0039576132274471 
 0.0039306136677582 
 0.0039056001403387 
 0.0038832803761911 
 0.0038643044799789 
 0.0038492434583756 
 0.0038385687922834 
 0.0038326341323716 
 0.0038316603391116 
 0.0038357250746409 
 0.0038447579203745 
 0.0038585415443728 
 0.0038767188644997 
 0.0038988055927061 
 0.0039242071382699 
 0.0039522386615096 
 0.0039821470879559 
 0.0040131340443280 
 0.0040443788793314 
 0.0040750611235165 
 0.0041043818939944 
 0.0041315838578093 
 0.0041559694418017 
 0.0041769170298031 
 0.0041938949315653 
 0.0042064729494121 
 0.0042143314121248 
 0.0042172675922489 
 0.0042151994720157 
 0.0042081668725809 
 0.0041963300090277 
 0.0041799655770131 
 0.0041594605135755 
 0.0041353036023151 
 0.0041080751100798 
 0.0040784346469490 
 0.0040471074330826 
 0.0040148691350717 
 0.0039825294030383 
 0.0039509142026417 
 0.0039208470036063 
 0.0038931288757666 
 0.0038685175815074 
 0.0038477058741846 
 0.0038312994476212 
 0.0038197953398334 
 0.0038135620263971 
 0.0038128228177149 
 0.0038176443118641 
 0.0038279313846279 
 0.0038434294955733 
 0.0038637341314556 
 0.0038883063091597 
 0.0039164924990383 
 0.0039475472090262 
 0.0039806567028753 
 0.0040149627292768 
 0.0040495855450139 
 0.0040836458294348 
 0.0041162852852577 
 0.0041466858202998 
 0.0041740872378279 
 0.0041978033596409 
 0.0042172364865148 
 0.0042318900784570 
 0.0042413795190184 
 0.0042454408173307 
 0.0042439370995636 
 0.0042368627487235 
 0.0042243450674316 
 0.0042066433621756 
 0.0041841453778492 
 0.0041573610467798 
 0.0041269135544488 
 0.0040935277618352 
 0.0040580160586869 
 0.0040212617497247 
 0.0039842000947557 
 0.0039477971345574 
 0.0039130264437423 
 0.0038808439758198 
 0.0038521612349572 
 0.0038278171674319 
 0.0038085494609829 
 0.0037949663919070 
 0.0037875209119690 
 0.0037864891485617 
 0.0037919556372152 
 0.0038038071842655 
 0.0038217362520534 
 0.0038452534533284 
 0.0038737075924928 
 0.0039063110603584 
 0.0039421683539398 
 0.0039803058732808 
 0.0040197016752151 
 0.0040593143351343 
 0.0040981103943580 
 0.0041350900545528 
 0.0041693108639013 
 0.0041999091689346 
 0.0042261191156464 
 0.0042472889942906 
 0.0042628947432670 
 0.0042725504611721 
 0.0042760158209592 
 0.0042732003330568 
 0.0042641644614651 
 0.0042491176545028 
 0.0042284134063503 
 0.0042025415134160 
 0.0041721177278153 
 0.0041378710358020 
 0.0041006287990394 
 0.0040612999884436 
 0.0040208567114586 
 0.0039803141825028 
 0.0039407092144591 
 0.0039030772243722 
 0.0038684276703761 
 0.0038377178135059 
 0.0038118248014435 
 0.0037915163990510 
 0.0037774213217304 
 0.0037700010316012 
 0.0037695257857583 
 0.0037760582045926 
 0.0037894471673731 
 0.0038093333323431 
 0.0038351655212075 
 0.0038662254674808 
 0.0039016576512530 
 0.0039405011825405 
 0.0039817215325884 
 0.0040242408444107 
 0.0040669662693398 
 0.0041088161950885 
 0.0041487444088975 
 0.0041857622706448 
 0.0042189589328785 
 0.0042475195863467 
 0.0042707416551438 
 0.0042880488246495 
 0.0042990027598784 
 0.0043033123609593 
 0.0043008404041087 
 0.0042916074291011 
 0.0042757927562615 
 0.0042537325458489 
 0.0042259148489455 
 0.0041929716391798 
 0.0041556678560676 
 0.0041148875296098 
 0.0040716170868139 
 0.0040269259581618 
 0.0039819445994038 
 0.0039378400170463 
 0.0038957888370527 
 0.0038569479039553 
 0.0038224223896047 
 0.0037932315183297 
 0.0037702724090570 
 0.0037542833131701 
 0.0037458086671806 
 0.0037451695556918 
 0.0037524437382776 
 0.0037674586725600 
 0.0037897988772096 
 0.0038188263063270 
 0.0038537103498918 
 0.0038934633868690 
 0.0039369783810702 
 0.0039830661594866 
 0.0040304911096611 
 0.0040780047681541 
 0.0041243771328546 
 0.0041684256371097 
 0.0042090417018693 
 0.0042452147220258 
 0.0042760532916562 
 0.0043008034478864 
 0.0043188637173689 
 0.0043297967787731 
 0.0043333376029471 
 0.0043293979932829 
 0.0043180675164632 
 0.0042996108832463 
 0.0042744619058706 
 0.0042432142190338 
 0.0042066090015015 
 0.0041655199715583 
 0.0041209359474982 
 0.0040739412594951 
 0.0040256942656282 
 0.0039774041558699 
 0.0039303061175018 
 0.0038856347829312 
 0.0038445957026188 
 0.0038083344355082 
 0.0037779028478288 
 0.0037542225637877 
 0.0037380464593915 
 0.0037299207213599 
 0.0037301519219758 
 0.0037387847604410 
 0.0037555953765640 
 0.0037801021377786 
 0.0038115918047689 
 0.0038491560523691 
 0.0038917326605517 
 0.0039381469193860 
 0.0039871506966960 
 0.0040374582099935 
 0.0040877784730353 
 0.0041368447490903 
 0.0041834413712555 
 0.0042264281794677 
 0.0042647626858610 
 0.0042975199634745 
 0.0043239101710539 
 0.0043432935767698 
 0.0043551929195901 
 0.0043593029423737 
 0.0043554969405298 
 0.0043438301911712 
 0.0043245401575178 
 0.0042980434004570 
 0.0042649291717818 
 0.0042259497095992 
 0.0041820073025444 
 0.0041341382311577 
 0.0040834937253052 
 0.0040313180867377 
 0.0039789241037513 
 0.0039276658175028 
 0.0038789085780349 
 0.0038339961614996 
 0.0037942145632812 
 0.0037607520762736 
 0.0037346556708066 
 0.0037167848400412 
 0.0037077661026064 
 0.0037079537617269 
 0.0037174039174430 
 0.0037358675169349 
 0.0037628041650385 
 0.0037974134335624 
 0.0038386772167439 
 0.0038854064877078 
 0.0039362877225428 
 0.0039899266054855 
 0.0040448883242524 
 0.0040997345895182 
 0.0041530577163784 
 0.0042035120067107 
 0.0042498424871467 
 0.0042909108940045 
 0.0043257186897239 
 0.0043534268463329 
 0.0043733721300013 
 0.0043850796541476 
 0.0043882715256435 
 0.0043828714806518 
 0.0043690054864406 
 0.0043469983675758 
 0.0043173665945172 
 0.0042808074457145 
 0.0042381848168209 
 0.0041905119984581 
 0.0041389317720103 
 0.0040846941747827 
 0.0040291322523616 
 0.0039736360345276 
 0.0039196248254748 
 0.0038685176734984 
 0.0038217015782839 
 0.0037804966521764 
 0.0037461172341410 
 0.0037196282084367 
 0.0037018970286053 
 0.0036935445842747 
 0.0036949015993546 
 0.0037059797436382 
 0.0037264654285008 
 0.0037557386462735 
 0.0037929121313928 
 0.0038368818643164 
 0.0038863802165004 
 0.0039400261573401 
 0.0039963702907488 
 0.0040539346354627 
 0.0041112479354534 
 0.0041668773744429 
 0.0042194573363621 
 0.0042677155680522 
 0.0043104968680447 
 0.0043467842678517 
 0.0043757175793665 
 0.0043966091362058 
 0.0044089565428815 
 0.0044124522525961 
 0.0044069898154632 
 0.0043926666698230 
 0.0043697833877286 
 0.0043388393301840 
 0.0043005247166863 
 0.0042557091654369 
 0.0042054268119486 
 0.0041508581597846 
 0.0040933088499436 
 0.0040341855426251 
 0.0039749690689954 
 0.0039171849067902 
 0.0038623708355955 
 0.0038120413216012 
 0.0037676478085544 
 0.0037305338304601 
 0.0037018841382936 
 0.0036826685264949 
 0.0036735842870976 
 0.0036750055850588 
 0.0036869509013699 
 0.0037090776384424 
 0.0037407055618904 
 0.0037808622768545 
 0.0038283397545466 
 0.0038817523281674 
 0.0039395907610479 
 0.0040002707537715 
 0.0040621763055107 
 0.0041236989395554 
 0.0041832736455817 
 0.0042394120073213 
 0.0042907326287340 
 0.0043359887237277 
 0.0043740925946048 
 0.0044041366691938 
 0.0044254107710498 
 0.0044374153412911 
 0.0044398704000198 
 0.0044327201198179 
 0.0044161329759684 
 0.0043904975323056 
 0.0043564140134027 
 0.0043146818989548 
 0.0042662838510130 
 0.0042123663444746 
 0.0041542174107342 
 0.0040932419156283 
 0.0040309347641006 
 0.0039688523366525 
 0.0039085822893266 
 0.0038517115537096 
 0.0037997919245844 
 0.0037543020374852 
 0.0037166039885581 
 0.0036878928375130 
 0.0036691387031769 
 0.0036610250860273 
 0.0036638930105817 
 0.0036777051130724 
 0.0037020417398254 
 0.0037361312659657 
 0.0037789053826266 
 0.0038290649179124 
 0.0038851443781826 
 0.0039455693508469 
 0.0040087057311414 
 0.0040729020331145 
 0.0041365264963090 
 0.0041980003334222 
 0.0042558279290071 
 0.0043086243576435 
 0.0043551402953696 
 0.0043942842273472 
 0.0044251417697866 
 0.0044469918935545 
 0.0044593198390003 
 0.0044618265330613 
 0.0044544343530938 
 0.0044372891228534 
 0.0044107582728616 
 0.0043754251486429 
 0.0043320795052963 
 0.0042817042839321 
 0.0042254588220724 
 0.0041646587011376 
 0.0041007524709696 
 0.0040352954995868 
 0.0039699211522748 
 0.0039063093717411 
 0.0038461524612670 
 0.0037911174161513 
 0.0037428035076396 
 0.0037026931838446 
 0.0036720943167770 
 0.0036520735762034 
 0.0036433854978647 
 0.0036464090318452 
 0.0036611084181155 
 0.0036870316965299 
 0.0037233474552060 
 0.0037689073104096 
 0.0038223172949994 
 0.0038820059394099 
 0.0039462840501712 
 0.0040133961648152 
 0.0040815655596776 
 0.0041490347046217 
 0.0042141024104347 
 0.0042751582414583 
 0.0043307142759257 
 0.0043794340013680 
 0.0044201579863015 
 0.0044519259238145 
 0.0044739946613267 
 0.0044858518893735 
 0.0044872252450938 
 0.0044780866828761 
 0.0044586520683274 
 0.0044293760570578 
 0.0043909424225634 
 0.0043442500938408 
 0.0042903952495060 
 0.0042306498868101 
 0.0041664373351705 
 0.0040993052063270 
 0.0040308962526836 
 0.0039629175185013 
 0.0038971079762274 
 0.0038352044840783 
 0.0037789053092548 
 0.0037298295980043 
 0.0036894701893528 
 0.0036591367146585 
 0.0036398874893665 
 0.0036324541915514 
 0.0036371725896981 
 0.0036539399590618 
 0.0036822161688320 
 0.0037210691861687 
 0.0037692488647226 
 0.0038252680467242 
 0.0038874767587309 
 0.0039541246296580 
 0.0040234124931809 
 0.0040935359901555 
 0.0041627237023429 
 0.0042292714582043 
 0.0042915736490960 
 0.0043481518508222 
 0.0043976807306721 
 0.0044390110615521 
 0.0044711896015278 
 0.0044934755881188 
 0.0045053536175845 
 0.0045065427163310 
 0.0044970014571380 
 0.0044769290236164 
 0.0044467621806713 
 0.0044071681661387 
 0.0043590335787890 
 0.0043034493996199 
 0.0042416923445236 
 0.0041752028023496 
 0.0041055596542419 
 0.0040344522818565 
 0.0039636500252113 
 0.0038949691981437 
 0.0038302374366742 
 0.0037712545491014 
 0.0037197480954679 
 0.0036773208029498 
 0.0036453863912956 
 0.0036250922697443 
 0.0036172342261745 
 0.0036221792887960 
 0.0036398209339857 
 0.0036695846726886 
 0.0037104817499106 
 0.0037611903524595 
 0.0038201410544956 
 0.0038855927778467 
 0.0039556959983109 
 0.0040285454327898 
 0.0041022255961432 
 0.0041748518219735 
 0.0042446081941277 
 0.0043097829360776 
 0.0043688012413227 
 0.0044202552255123 
 0.0044629305500564 
 0.0044958292411931 
 0.0045181882650353 
 0.0045294934928320 
 0.0045294887861078 
 0.0045181800390448 
 0.0044958341291450 
 0.0044629728421739 
 0.0044203619497301 
 0.0043689957240017 
 0.0043100772708293 
 0.0042449951447186 
 0.0041752967723528 
 0.0041026592452909 
 0.0040288580324096 
 0.0039557340803441 
 0.0038851595665305 
 0.0038190021621135 
 0.0037590869338351 
 0.0037071538567312 
 0.0036648074157131 
 0.0036334537218181 
 0.0036142221082505 
 0.0036078755055659 
 0.0036147273954106 
 0.0036345939920207 
 0.0036668037575439 
 0.0037102614107151 
 0.0037635411178188 
 0.0038249812575580 
 0.0038927656493457 
 0.0039649886898889 
 0.0040397078112544 
 0.0041149875153303 
 0.0041889380739186 
 0.0042597506224739 
 0.0043257293934875 
 0.0043853212549995 
 0.0044371424212450 
 0.0044800020736937 
 0.0045129225961781 
 0.0045351561426090 
 0.0045461972955162 
 0.0045457916250518 
 0.0045339400150115 
 0.0045108986819242 
 0.0044771748742645 
 0.0044335183016028 
 0.0043809084076503 
 0.0043205376667098 
 0.0042537911478842 
 0.0041822226516176 
 0.0041075277698330 
 0.0040315142371339 
 0.0039560698940334 
 0.0038831284159834 
 0.0038146325758391 
 0.0037524940577948 
 0.0036985475862934 
 0.0036544954609718 
 0.0036218374128420 
 0.0036017826213047 
 0.0035951496019016 
 0.0036022755213230 
 0.0036229678203132 
 0.0036565205890596 
 0.0037017880404796 
 0.0037572844206503 
 0.0038212812016340 
 0.0038918881023527 
 0.0039671175542433 
 0.0040449373102236 
 0.0041233158507906 
 0.0042002635915120 
 0.0042738713477238 
 0.0043423464823724 
 0.0044040465848205 
 0.0044575102485813 
 0.0045014844129335 
 0.0045349477309146 
 0.0045571294808841 
 0.0045675236260660 
 0.0045658977325675 
 0.0045522965731497 
 0.0045270403658137 
 0.0044907177191644 
 0.0044441734768995 
 0.0043884917685266 
 0.0043249746789661 
 0.0042551170422357 
 0.0041805779378954 
 0.0041031495144849 
 0.0040247237647574 
 0.0039472578020142 
 0.0038727379762111 
 0.0038031427179994 
 0.0037404031425392 
 0.0036863589911182 
 0.0036427054461459 
 0.0036109246116477 
 0.0035921969174844 
 0.0035872972035187 
 0.0035964987539927 
 0.0036195229737001 
 0.0036555610858893 
 0.0037033587145160 
 0.0037613274007370 
 0.0038276500291726 
 0.0039003661247815 
 0.0039774377270467 
 0.0040568016639800 
 0.0041364135480555 
 0.0042142868261533 
 0.0042885285212171 
 0.0043573722431846 
 0.0044192084830287 
 0.0044726119449730 
 0.0045163655809628 
 0.0045494809868763 
 0.0045712148576059 
 0.0045810812548283 
 0.0045788595058465 
 0.0045645976187953 
 0.0045386111665675 
 0.0045014776588801 
 0.0044540264888899 
 0.0043973246084522 
 0.0043326581543650 
 0.0042615103155070 
 0.0041855357941561 
 0.0041065322652178 
 0.0040264092571380 
 0.0039471548326404 
 0.0038708002686389 
 0.0037993825007780 
 0.0037349032132841 
 0.0036792818871511 
 0.0036342978674652 
 0.0036015146236789 
 0.0035821813392241 
 0.0035771184150364 
 0.0035866147893276 
 0.0036103793207131 
 0.0036475715803335 
 0.0036968962282916 
 0.0037567195596656 
 0.0038251750284161 
 0.0039002464723373 
 0.0039798321436468 
 0.0040617964373368 
 0.0041440148040898 
 0.0042244149669688 
 0.0043010157644923 
 0.0043719638760133 
 0.0044355681369772 
 0.0044903309107070 
 0.0045349759119905 
 0.0045684718978705 
 0.0045900517112026 
 0.0045992262606945 
 0.0045957931355125 
 0.0045798396761661 
 0.0045517404514397 
 0.0045121492202849 
 0.0044619855844777 
 0.0044024166596382 
 0.0043348342054858 
 0.0042608277571896 
 0.0041821543826125 
 0.0041007057457429 
 0.0040184731669562 
 0.0039375113013306 
 0.0038599008396417 
 0.0037877101459740 
 0.0037229547675442 
 0.0036675520088661 
 0.0036232651718540 
 0.0035916296312830 
 0.0035738544027818 
 0.0035707048889305 
 0.0035823964144461 
 0.0036085453432852 
 0.0036482062607647 
 0.0036999771455851 
 0.0037621261044553 
 0.0038327036394569 
 0.0039096292751343 
 0.0039907567715705 
 0.0040739256749355 
 0.0041570051110672 
 0.0042379331200409 
 0.0043147529657624 
 0.0043856468010321 
 0.0044489665555394 
 0.0045032617048169 
 0.0045473035252030 
 0.0045801054626316 
 0.0046009393005033 
 0.0046093468832751 
 0.0046051472280976 
 0.0045884389322848 
 0.0045595978582727 
 0.0045192701496878 
 0.0044683607028541 
 0.0044080172884169 
